#
# A fatal error has been detected by the Java Runtime Environment:
#
#  EXCEPTION_ACCESS_VIOLATION (0xc0000005) at pc=0x00007ffd3e417bf2, pid=14784, tid=15416
#
# JRE version: Java(TM) SE Runtime Environment (11.0.2+9) (build 11.0.2+9-LTS)
# Java VM: Java HotSpot(TM) 64-Bit Server VM (11.0.2+9-LTS, mixed mode, tiered, compressed oops, g1 gc, windows-amd64)
# Problematic frame:
# V  [jvm.dll+0x87bf2]
#
# No core dump will be written. Minidumps are not enabled by default on client versions of Windows
#
# If you would like to submit a bug report, please visit:
#   http://bugreport.java.com/bugreport/crash.jsp
#

---------------  S U M M A R Y ------------

Command Line: -Xss4m -Xms100m -Dmetals.client=vscode -Xmx1G scala.meta.metals.Main

Host: Intel(R) Core(TM) i7-4720HQ CPU @ 2.60GHz, 8 cores, 15G,  Windows 10 , 64 bit Build 19041 (10.0.19041.2546)
Time: Wed Apr 26 16:38:53 2023 Hora de verano romance elapsed time: 5529 seconds (0d 1h 32m 9s)

---------------  T H R E A D  ---------------

Current thread (0x000001f0d67a6000):  JavaThread "C2 CompilerThread0" daemon [_thread_in_native, id=15416, stack(0x0000004ad9a00000,0x0000004ad9b00000)]


Current CompileTask:
C2:5529353 33476       4       dotty.tools.dotc.typer.Applications::needsTupledDual (198 bytes)

Stack: [0x0000004ad9a00000,0x0000004ad9b00000],  sp=0x0000004ad9afbfc0,  free space=1007k
Native frames: (J=compiled Java code, j=interpreted, Vv=VM code, C=native code)
V  [jvm.dll+0x87bf2]
V  [jvm.dll+0x613696]
V  [jvm.dll+0x5c5986]
V  [jvm.dll+0x5c8369]
V  [jvm.dll+0x2180ed]
V  [jvm.dll+0x2173ea]
V  [jvm.dll+0x194200]
V  [jvm.dll+0x2263af]
V  [jvm.dll+0x2249b8]
V  [jvm.dll+0x738a9d]
V  [jvm.dll+0x6347f2]
C  [ucrtbase.dll+0x21bb2]
C  [KERNEL32.DLL+0x17614]
C  [ntdll.dll+0x526a1]


siginfo: EXCEPTION_ACCESS_VIOLATION (0xc0000005), writing address 0x00007fff32c58e30


Register to memory mapping:

RIP=0x00007ffd3e417bf2 jvm.dll
RAX=0x000000003e8ae210 is an unknown value
RBX=0x00007ffd3ebcaef8 jvm.dll
RCX=0x00007ffd3e6e7db0 jvm.dll
RDX=0x000001f0da803838 points into unknown readable memory: 20 12 bd 3e fd 7f 00 00
RSP=0x0000004ad9afbfc0 is pointing into the stack for thread: 0x000001f0d67a6000
RBP=0x0000004ad9afc079 is pointing into the stack for thread: 0x000001f0d67a6000
RSI=0x00007ffd3e390000 jvm.dll
RDI=0x000001f0da803838 points into unknown readable memory: 20 12 bd 3e fd 7f 00 00
R8 =0x0000000000000010 is an unknown value
R9 =0x0 is NULL
R10=0x000001f0da803870 points into unknown readable memory: c8 a1 1b d7 f0 01 00 00
R11=0x000001f0d8d95cf8 points into unknown readable memory: f8 ae bc 3e fd 7f 00 00
R12=0x00007ffd3ec45280 jvm.dll
R13=0x0 is NULL
R14=0x000001f0da803838 points into unknown readable memory: 20 12 bd 3e fd 7f 00 00
R15=0x0000004ad9afc4e0 is pointing into the stack for thread: 0x000001f0d67a6000


Registers:
RAX=0x000000003e8ae210, RBX=0x00007ffd3ebcaef8, RCX=0x00007ffd3e6e7db0, RDX=0x000001f0da803838
RSP=0x0000004ad9afbfc0, RBP=0x0000004ad9afc079, RSI=0x00007ffd3e390000, RDI=0x000001f0da803838
R8 =0x0000000000000010, R9 =0x0000000000000000, R10=0x000001f0da803870, R11=0x000001f0d8d95cf8
R12=0x00007ffd3ec45280, R13=0x0000000000000000, R14=0x000001f0da803838, R15=0x0000004ad9afc4e0
RIP=0x00007ffd3e417bf2, EFLAGS=0x0000000000010212

Top of Stack: (sp=0x0000004ad9afbfc0)
0x0000004ad9afbfc0:   0000000000000004 0000004ad9afea48
0x0000004ad9afbfd0:   0000000000000000 0000000000000000
0x0000004ad9afbfe0:   00007ffd3ebcaef8 00007ffd3e9a3696
0x0000004ad9afbff0:   000001f0da803838 00007ffd3e390000
0x0000004ad9afc000:   00007ffd3ec45201 0000000000000016
0x0000004ad9afc010:   0000000000000096 00007ffd3e955986
0x0000004ad9afc020:   0000000000000003 00007ffd3e390000
0x0000004ad9afc030:   000001f0d812c528 0000000000000000
0x0000004ad9afc040:   0000000000000000 0000000000000000
0x0000004ad9afc050:   0000000000000000 0000000000000000
0x0000004ad9afc060:   0000000000000000 000001f0d810c640
0x0000004ad9afc070:   000001f0d810f340 000001f0d810c000
0x0000004ad9afc080:   000001f0d67a3840 00007ffd3ec5af90
0x0000004ad9afc090:   000001f0d67a3840 00007ffd00000010
0x0000004ad9afc0a0:   000001f0d810f350 0000000000007fd8
0x0000004ad9afc0b0:   0000000000000160 000001f0d810be90 

Instructions: (pc=0x00007ffd3e417bf2)
0x00007ffd3e417bd2:   49 10 48 85 c9 74 20 8b 43 20 3b 43 24 75 11 8b
0x00007ffd3e417be2:   d0 48 8b cb e8 65 df 58 00 8b 43 20 48 8b 4b 10
0x00007ffd3e417bf2:   48 89 3c c1 ff 43 20 48 8b 5c 24 30 48 83 c4 20
0x00007ffd3e417c02:   5f c3 cc cc cc cc cc cc cc cc cc cc cc cc 8b 81 


Stack slot to memory mapping:
stack at sp + 0 slots: 0x0000000000000004 is an unknown value
stack at sp + 1 slots: 0x0000004ad9afea48 is pointing into the stack for thread: 0x000001f0d67a6000
stack at sp + 2 slots: 0x0 is NULL
stack at sp + 3 slots: 0x0 is NULL
stack at sp + 4 slots: 0x00007ffd3ebcaef8 jvm.dll
stack at sp + 5 slots: 0x00007ffd3e9a3696 jvm.dll
stack at sp + 6 slots: 0x000001f0da803838 points into unknown readable memory: 20 12 bd 3e fd 7f 00 00
stack at sp + 7 slots: 0x00007ffd3e390000 jvm.dll


---------------  P R O C E S S  ---------------

Threads class SMR info:
_java_thread_list=0x000001f0ddb8a920, length=50, elements={
0x000001f0ba0f6800, 0x000001f0d6782800, 0x000001f0d678e000, 0x000001f0d67a2000,
0x000001f0d67a4000, 0x000001f0d67a6000, 0x000001f0d67b3000, 0x000001f0d67b9800,
0x000001f0d7289000, 0x000001f0d723f000, 0x000001f0d8217800, 0x000001f0d996c800,
0x000001f0d996e000, 0x000001f0d996e800, 0x000001f0de046000, 0x000001f0de044000,
0x000001f0de046800, 0x000001f0de047800, 0x000001f0de049000, 0x000001f0df088800,
0x000001f0df091000, 0x000001f0de04f000, 0x000001f0de04b800, 0x000001f0de050800,
0x000001f0de04d000, 0x000001f0de051000, 0x000001f0de04f800, 0x000001f0df08d800,
0x000001f0d9e56000, 0x000001f0d9e58800, 0x000001f0df084800, 0x000001f0df08c000,
0x000001f0d9e57000, 0x000001f0d9e53000, 0x000001f0d9e58000, 0x000001f0d9e55800,
0x000001f0d9e52000, 0x000001f0d9e5b000, 0x000001f0d9e5e800, 0x000001f0d9e59800,
0x000001f0d9e60000, 0x000001f0df085800, 0x000001f0df083800, 0x000001f0df083000,
0x000001f0df08b000, 0x000001f0df08c800, 0x000001f0df08a800, 0x000001f0df087000,
0x000001f0df088000, 0x000001f0df089800
}

Java Threads: ( => current thread )
  0x000001f0ba0f6800 JavaThread "main" [_thread_blocked, id=6280, stack(0x0000004ad8000000,0x0000004ad8400000)]
  0x000001f0d6782800 JavaThread "Reference Handler" daemon [_thread_blocked, id=15756, stack(0x0000004ad8a00000,0x0000004ad8e00000)]
  0x000001f0d678e000 JavaThread "Finalizer" daemon [_thread_blocked, id=8392, stack(0x0000004ad8e00000,0x0000004ad9200000)]
  0x000001f0d67a2000 JavaThread "Signal Dispatcher" daemon [_thread_blocked, id=17892, stack(0x0000004ad9200000,0x0000004ad9600000)]
  0x000001f0d67a4000 JavaThread "Attach Listener" daemon [_thread_blocked, id=21060, stack(0x0000004ad9600000,0x0000004ad9a00000)]
=>0x000001f0d67a6000 JavaThread "C2 CompilerThread0" daemon [_thread_in_native, id=15416, stack(0x0000004ad9a00000,0x0000004ad9b00000)]
  0x000001f0d67b3000 JavaThread "C1 CompilerThread0" daemon [_thread_blocked, id=1604, stack(0x0000004ad9b00000,0x0000004ad9c00000)]
  0x000001f0d67b9800 JavaThread "Sweeper thread" daemon [_thread_blocked, id=16444, stack(0x0000004ad9c00000,0x0000004ada000000)]
  0x000001f0d7289000 JavaThread "Service Thread" daemon [_thread_blocked, id=16676, stack(0x0000004ada000000,0x0000004ada400000)]
  0x000001f0d723f000 JavaThread "Common-Cleaner" daemon [_thread_blocked, id=18564, stack(0x0000004ada500000,0x0000004ada900000)]
  0x000001f0d8217800 JavaThread "pool-1-thread-1" [_thread_in_native, id=3856, stack(0x0000004adab00000,0x0000004adaf00000)]
  0x000001f0d996c800 JavaThread "H2 File Lock Watchdog E:/IdeaProjects/Scala/Activity2/is2023-activity2/.metals/metals.lock.db" daemon [_thread_blocked, id=12416, stack(0x0000004add500000,0x0000004add900000)]
  0x000001f0d996e000 JavaThread "H2 TCP Server (tcp://localhost:63835)" daemon [_thread_in_native, id=14864, stack(0x0000004adda00000,0x0000004adde00000)]
  0x000001f0d996e800 JavaThread "MVStore background writer E:/IdeaProjects/Scala/Activity2/is2023-activity2/.metals/metals.mv.db" daemon [_thread_blocked, id=11120, stack(0x0000004adde00000,0x0000004ade200000)]
  0x000001f0de046000 JavaThread "ForkJoinPool.commonPool-worker-3" daemon [_thread_blocked, id=20524, stack(0x0000004ade600000,0x0000004adea00000)]
  0x000001f0de044000 JavaThread "pool-2-thread-1" [_thread_blocked, id=2076, stack(0x0000004adea00000,0x0000004adee00000)]
  0x000001f0de046800 JavaThread "H2-serialization" daemon [_thread_blocked, id=11644, stack(0x0000004adf000000,0x0000004adf400000)]
  0x000001f0de047800 JavaThread "H2-save" daemon [_thread_blocked, id=16512, stack(0x0000004adf400000,0x0000004adf800000)]
  0x000001f0de049000 JavaThread "pool-1-thread-6" [_thread_in_native, id=6068, stack(0x0000004ae0000000,0x0000004ae0400000)]
  0x000001f0df088800 JavaThread "pool-1-thread-15" [_thread_in_native, id=3288, stack(0x0000004ae3c00000,0x0000004ae4000000)]
  0x000001f0df091000 JavaThread "bsp-scala-cli-stderr" daemon [_thread_in_native, id=3604, stack(0x0000004ae7400000,0x0000004ae7800000)]
  0x000001f0de04f000 JavaThread "FileSystemWatchService" daemon [_thread_in_native, id=12180, stack(0x0000004adcb00000,0x0000004adcf00000)]
  0x000001f0de04b800 JavaThread "NioPathWatcher-loop-thread-3" daemon [_thread_blocked, id=19036, stack(0x0000004ae1400000,0x0000004ae1800000)]
  0x000001f0de050800 JavaThread "FileSystemWatchService" daemon [_thread_in_native, id=17752, stack(0x0000004ae1800000,0x0000004ae1c00000)]
  0x000001f0de04d000 JavaThread "NioPathWatcher-loop-thread-4" daemon [_thread_blocked, id=15340, stack(0x0000004ae1c00000,0x0000004ae2000000)]
  0x000001f0de051000 JavaThread "com.swoval.files.SymlinkWather.callback-executor-1" [_thread_blocked, id=20256, stack(0x0000004ae2000000,0x0000004ae2400000)]
  0x000001f0de04f800 JavaThread "metals-watch-callback-thread" [_thread_blocked, id=1840, stack(0x0000004ae2400000,0x0000004ae2800000)]
  0x000001f0df08d800 JavaThread "pool-6-thread-1" [_thread_blocked, id=17704, stack(0x0000004ae7800000,0x0000004ae7c00000)]
  0x000001f0d9e56000 JavaThread "pool-7-thread-1" [_thread_blocked, id=11208, stack(0x0000004ae7c00000,0x0000004ae8000000)]
  0x000001f0d9e58800 JavaThread "pool-8-thread-1" [_thread_blocked, id=13936, stack(0x0000004ae4000000,0x0000004ae4400000)]
  0x000001f0df084800 JavaThread "pool-1-thread-468" [_thread_blocked, id=7320, stack(0x0000004adbe00000,0x0000004adc200000)]
  0x000001f0df08c000 JavaThread "pool-1-thread-475" [_thread_blocked, id=14548, stack(0x0000004ae0400000,0x0000004ae0800000)]
  0x000001f0d9e57000 JavaThread "pool-1-thread-476" [_thread_blocked, id=20292, stack(0x0000004ae0800000,0x0000004ae0c00000)]
  0x000001f0d9e53000 JavaThread "pool-1-thread-486" [_thread_blocked, id=19024, stack(0x0000004adb200000,0x0000004adb600000)]
  0x000001f0d9e58000 JavaThread "pool-1-thread-487" [_thread_blocked, id=9616, stack(0x0000004adb600000,0x0000004adba00000)]
  0x000001f0d9e55800 JavaThread "pool-1-thread-488" [_thread_blocked, id=1080, stack(0x0000004adba00000,0x0000004adbe00000)]
  0x000001f0d9e52000 JavaThread "pool-1-thread-489" [_thread_blocked, id=20168, stack(0x0000004adc200000,0x0000004adc600000)]
  0x000001f0d9e5b000 JavaThread "pool-1-thread-490" [_thread_blocked, id=3612, stack(0x0000004adc600000,0x0000004adca00000)]
  0x000001f0d9e5e800 JavaThread "pool-1-thread-491" [_thread_blocked, id=15764, stack(0x0000004adcf00000,0x0000004add300000)]
  0x000001f0d9e59800 JavaThread "pool-1-thread-492" [_thread_blocked, id=13532, stack(0x0000004ade200000,0x0000004ade600000)]
  0x000001f0d9e60000 JavaThread "pool-1-thread-493" [_thread_blocked, id=1452, stack(0x0000004adf800000,0x0000004adfc00000)]
  0x000001f0df085800 JavaThread "pool-1-thread-494" [_thread_blocked, id=1124, stack(0x0000004adfc00000,0x0000004ae0000000)]
  0x000001f0df083800 JavaThread "pool-1-thread-495" [_thread_blocked, id=13192, stack(0x0000004ae0c00000,0x0000004ae1000000)]
  0x000001f0df083000 JavaThread "pool-1-thread-496" [_thread_blocked, id=5172, stack(0x0000004ae1000000,0x0000004ae1400000)]
  0x000001f0df08b000 JavaThread "pool-1-thread-497" [_thread_blocked, id=19296, stack(0x0000004ae2800000,0x0000004ae2c00000)]
  0x000001f0df08c800 JavaThread "pool-1-thread-498" [_thread_blocked, id=10688, stack(0x0000004ae2c00000,0x0000004ae3000000)]
  0x000001f0df08a800 JavaThread "pool-1-thread-500" [_thread_blocked, id=17904, stack(0x0000004ae3000000,0x0000004ae3400000)]
  0x000001f0df087000 JavaThread "pool-1-thread-499" [_thread_blocked, id=10076, stack(0x0000004ae3400000,0x0000004ae3800000)]
  0x000001f0df088000 JavaThread "pool-1-thread-501" [_thread_blocked, id=20156, stack(0x0000004ae3800000,0x0000004ae3c00000)]
  0x000001f0df089800 JavaThread "pool-1-thread-502" [_thread_blocked, id=15776, stack(0x0000004ae4400000,0x0000004ae4800000)]

Other Threads:
  0x000001f0d6781800 VMThread "VM Thread" [stack: 0x0000004ad8900000,0x0000004ad8a00000] [id=16340]
  0x000001f0d723e000 WatcherThread [stack: 0x0000004ada400000,0x0000004ada500000] [id=18812]
  0x000001f0ba10e800 GCTaskThread "GC Thread#0" [stack: 0x0000004ad8400000,0x0000004ad8500000] [id=20188]
  0x000001f0d78cb000 GCTaskThread "GC Thread#1" [stack: 0x0000004adaa00000,0x0000004adab00000] [id=19220]
  0x000001f0d8845800 GCTaskThread "GC Thread#2" [stack: 0x0000004adaf00000,0x0000004adb000000] [id=17396]
  0x000001f0d8846000 GCTaskThread "GC Thread#3" [stack: 0x0000004adb000000,0x0000004adb100000] [id=17004]
  0x000001f0d8ee2800 GCTaskThread "GC Thread#4" [stack: 0x0000004adca00000,0x0000004adcb00000] [id=19908]
  0x000001f0db18c000 GCTaskThread "GC Thread#5" [stack: 0x0000004add300000,0x0000004add400000] [id=21484]
  0x000001f0de392800 GCTaskThread "GC Thread#6" [stack: 0x0000004adee00000,0x0000004adef00000] [id=15644]
  0x000001f0d8c43800 GCTaskThread "GC Thread#7" [stack: 0x0000004adef00000,0x0000004adf000000] [id=6332]
  0x000001f0ba12b800 ConcurrentGCThread "G1 Main Marker" [stack: 0x0000004ad8500000,0x0000004ad8600000] [id=2364]
  0x000001f0ba12d000 ConcurrentGCThread "G1 Conc#0" [stack: 0x0000004ad8600000,0x0000004ad8700000] [id=16372]
  0x000001f0d8840800 ConcurrentGCThread "G1 Conc#1" [stack: 0x0000004adb100000,0x0000004adb200000] [id=20232]
  0x000001f0ba1b3800 ConcurrentGCThread "G1 Refine#0" [stack: 0x0000004ad8700000,0x0000004ad8800000] [id=8680]
  0x000001f0ba1b4800 ConcurrentGCThread "G1 Young RemSet Sampling" [stack: 0x0000004ad8800000,0x0000004ad8900000] [id=15084]

Threads with active compile tasks:
C2 CompilerThread033476       4       dotty.tools.dotc.typer.Applications::needsTupledDual (198 bytes)

VM state:not at safepoint (normal execution)

VM Mutex/Monitor currently owned by a thread: None

Heap address: 0x00000000c0000000, size: 1024 MB, Compressed Oops mode: 32-bit
Narrow klass base: 0x0000000000000000, Narrow klass shift: 3
Compressed class space size: 1073741824 Address: 0x0000000100000000

Heap:
 garbage-first heap   total 212992K, used 164744K [0x00000000c0000000, 0x0000000100000000)
  region size 1024K, 66 young (67584K), 1 survivors (1024K)
 Metaspace       used 173696K, capacity 185058K, committed 185240K, reserved 1208320K
  class space    used 22292K, capacity 27334K, committed 27428K, reserved 1048576K
Heap Regions: E=young(eden), S=young(survivor), O=old, HS=humongous(starts), HC=humongous(continues), CS=collection set, F=free, A=archive, TAMS=top-at-mark-start (previous, next)
|   0|0x00000000c0000000, 0x00000000c0100000, 0x00000000c0100000|100%| O|  |TAMS 0x00000000c0100000, 0x00000000c0000000| Untracked 
|   1|0x00000000c0100000, 0x00000000c0200000, 0x00000000c0200000|100%| O|  |TAMS 0x00000000c0200000, 0x00000000c0100000| Untracked 
|   2|0x00000000c0200000, 0x00000000c0300000, 0x00000000c0300000|100%| O|  |TAMS 0x00000000c0300000, 0x00000000c0200000| Complete 
|   3|0x00000000c0300000, 0x00000000c0400000, 0x00000000c0400000|100%| O|  |TAMS 0x00000000c0400000, 0x00000000c0300000| Untracked 
|   4|0x00000000c0400000, 0x00000000c0500000, 0x00000000c0500000|100%| O|  |TAMS 0x00000000c0500000, 0x00000000c0400000| Untracked 
|   5|0x00000000c0500000, 0x00000000c0600000, 0x00000000c0600000|100%| O|  |TAMS 0x00000000c0600000, 0x00000000c0500000| Untracked 
|   6|0x00000000c0600000, 0x00000000c0700000, 0x00000000c0700000|100%| O|  |TAMS 0x00000000c0700000, 0x00000000c0600000| Untracked 
|   7|0x00000000c0700000, 0x00000000c0800000, 0x00000000c0800000|100%| O|  |TAMS 0x00000000c0800000, 0x00000000c0700000| Complete 
|   8|0x00000000c0800000, 0x00000000c0900000, 0x00000000c0900000|100%| O|  |TAMS 0x00000000c0900000, 0x00000000c0800000| Complete 
|   9|0x00000000c0900000, 0x00000000c0a00000, 0x00000000c0a00000|100%| O|  |TAMS 0x00000000c0a00000, 0x00000000c0900000| Complete 
|  10|0x00000000c0a00000, 0x00000000c0b00000, 0x00000000c0b00000|100%| O|  |TAMS 0x00000000c0b00000, 0x00000000c0a00000| Untracked 
|  11|0x00000000c0b00000, 0x00000000c0c00000, 0x00000000c0c00000|100%| O|  |TAMS 0x00000000c0c00000, 0x00000000c0b00000| Complete 
|  12|0x00000000c0c00000, 0x00000000c0d00000, 0x00000000c0d00000|100%| O|  |TAMS 0x00000000c0d00000, 0x00000000c0c00000| Complete 
|  13|0x00000000c0d00000, 0x00000000c0e00000, 0x00000000c0e00000|100%| O|  |TAMS 0x00000000c0e00000, 0x00000000c0d00000| Complete 
|  14|0x00000000c0e00000, 0x00000000c0f00000, 0x00000000c0f00000|100%| O|  |TAMS 0x00000000c0f00000, 0x00000000c0e00000| Untracked 
|  15|0x00000000c0f00000, 0x00000000c1000000, 0x00000000c1000000|100%| O|  |TAMS 0x00000000c1000000, 0x00000000c0f00000| Untracked 
|  16|0x00000000c1000000, 0x00000000c1100000, 0x00000000c1100000|100%| O|  |TAMS 0x00000000c1100000, 0x00000000c1000000| Untracked 
|  17|0x00000000c1100000, 0x00000000c1200000, 0x00000000c1200000|100%| O|  |TAMS 0x00000000c1200000, 0x00000000c1100000| Complete 
|  18|0x00000000c1200000, 0x00000000c1300000, 0x00000000c1300000|100%| O|  |TAMS 0x00000000c1300000, 0x00000000c1200000| Complete 
|  19|0x00000000c1300000, 0x00000000c1400000, 0x00000000c1400000|100%|HS|  |TAMS 0x00000000c1400000, 0x00000000c1300000| Complete 
|  20|0x00000000c1400000, 0x00000000c1500000, 0x00000000c1500000|100%|HC|  |TAMS 0x00000000c1500000, 0x00000000c1400000| Complete 
|  21|0x00000000c1500000, 0x00000000c1600000, 0x00000000c1600000|100%| O|  |TAMS 0x00000000c1600000, 0x00000000c1500000| Complete 
|  22|0x00000000c1600000, 0x00000000c1700000, 0x00000000c1700000|100%|HS|  |TAMS 0x00000000c1600000, 0x00000000c1600000| Complete 
|  23|0x00000000c1700000, 0x00000000c1800000, 0x00000000c1800000|100%|HS|  |TAMS 0x00000000c1700000, 0x00000000c1700000| Complete 
|  24|0x00000000c1800000, 0x00000000c1900000, 0x00000000c1900000|100%| O|  |TAMS 0x00000000c1900000, 0x00000000c1800000| Untracked 
|  25|0x00000000c1900000, 0x00000000c1a00000, 0x00000000c1a00000|100%| O|  |TAMS 0x00000000c1a00000, 0x00000000c1900000| Untracked 
|  26|0x00000000c1a00000, 0x00000000c1b00000, 0x00000000c1b00000|100%| O|  |TAMS 0x00000000c1b00000, 0x00000000c1a00000| Untracked 
|  27|0x00000000c1b00000, 0x00000000c1c00000, 0x00000000c1c00000|100%| O|  |TAMS 0x00000000c1c00000, 0x00000000c1b00000| Complete 
|  28|0x00000000c1c00000, 0x00000000c1d00000, 0x00000000c1d00000|100%|HS|  |TAMS 0x00000000c1d00000, 0x00000000c1c00000| Complete 
|  29|0x00000000c1d00000, 0x00000000c1e00000, 0x00000000c1e00000|100%|HC|  |TAMS 0x00000000c1e00000, 0x00000000c1d00000| Complete 
|  30|0x00000000c1e00000, 0x00000000c1f00000, 0x00000000c1f00000|100%|HC|  |TAMS 0x00000000c1f00000, 0x00000000c1e00000| Complete 
|  31|0x00000000c1f00000, 0x00000000c2000000, 0x00000000c2000000|100%|HS|  |TAMS 0x00000000c1f00000, 0x00000000c1f00000| Complete 
|  32|0x00000000c2000000, 0x00000000c2100000, 0x00000000c2100000|100%|HS|  |TAMS 0x00000000c2000000, 0x00000000c2000000| Complete 
|  33|0x00000000c2100000, 0x00000000c2200000, 0x00000000c2200000|100%| O|  |TAMS 0x00000000c2200000, 0x00000000c2100000| Complete 
|  34|0x00000000c2200000, 0x00000000c2300000, 0x00000000c2300000|100%| O|  |TAMS 0x00000000c2300000, 0x00000000c2200000| Complete 
|  35|0x00000000c2300000, 0x00000000c2400000, 0x00000000c2400000|100%| O|  |TAMS 0x00000000c2400000, 0x00000000c2300000| Complete 
|  36|0x00000000c2400000, 0x00000000c2500000, 0x00000000c2500000|100%| O|  |TAMS 0x00000000c2500000, 0x00000000c2400000| Complete 
|  37|0x00000000c2500000, 0x00000000c2600000, 0x00000000c2600000|100%|HS|  |TAMS 0x00000000c2500000, 0x00000000c2500000| Complete 
|  38|0x00000000c2600000, 0x00000000c2600000, 0x00000000c2700000|  0%| F|  |TAMS 0x00000000c2600000, 0x00000000c2600000| Untracked 
|  39|0x00000000c2700000, 0x00000000c2800000, 0x00000000c2800000|100%| O|  |TAMS 0x00000000c2800000, 0x00000000c2700000| Complete 
|  40|0x00000000c2800000, 0x00000000c2900000, 0x00000000c2900000|100%| O|  |TAMS 0x00000000c2900000, 0x00000000c2800000| Untracked 
|  41|0x00000000c2900000, 0x00000000c2a00000, 0x00000000c2a00000|100%| O|  |TAMS 0x00000000c2a00000, 0x00000000c2900000| Complete 
|  42|0x00000000c2a00000, 0x00000000c2a00000, 0x00000000c2b00000|  0%| F|  |TAMS 0x00000000c2a00000, 0x00000000c2a00000| Untracked 
|  43|0x00000000c2b00000, 0x00000000c2c00000, 0x00000000c2c00000|100%| O|  |TAMS 0x00000000c2c00000, 0x00000000c2b00000| Complete 
|  44|0x00000000c2c00000, 0x00000000c2d00000, 0x00000000c2d00000|100%| O|  |TAMS 0x00000000c2d00000, 0x00000000c2c00000| Complete 
|  45|0x00000000c2d00000, 0x00000000c2e00000, 0x00000000c2e00000|100%| O|  |TAMS 0x00000000c2e00000, 0x00000000c2d00000| Complete 
|  46|0x00000000c2e00000, 0x00000000c2f00000, 0x00000000c2f00000|100%| O|  |TAMS 0x00000000c2f00000, 0x00000000c2e00000| Complete 
|  47|0x00000000c2f00000, 0x00000000c3000000, 0x00000000c3000000|100%| O|  |TAMS 0x00000000c3000000, 0x00000000c2f00000| Untracked 
|  48|0x00000000c3000000, 0x00000000c3100000, 0x00000000c3100000|100%| O|  |TAMS 0x00000000c3100000, 0x00000000c3000000| Untracked 
|  49|0x00000000c3100000, 0x00000000c3200000, 0x00000000c3200000|100%| O|  |TAMS 0x00000000c3200000, 0x00000000c3100000| Complete 
|  50|0x00000000c3200000, 0x00000000c3300000, 0x00000000c3300000|100%|HS|  |TAMS 0x00000000c3300000, 0x00000000c3200000| Complete 
|  51|0x00000000c3300000, 0x00000000c3400000, 0x00000000c3400000|100%|HC|  |TAMS 0x00000000c3400000, 0x00000000c3300000| Complete 
|  52|0x00000000c3400000, 0x00000000c3500000, 0x00000000c3500000|100%| O|  |TAMS 0x00000000c3500000, 0x00000000c3400000| Complete 
|  53|0x00000000c3500000, 0x00000000c3600000, 0x00000000c3600000|100%| O|  |TAMS 0x00000000c3600000, 0x00000000c3500000| Complete 
|  54|0x00000000c3600000, 0x00000000c3700000, 0x00000000c3700000|100%| O|  |TAMS 0x00000000c3700000, 0x00000000c3600000| Complete 
|  55|0x00000000c3700000, 0x00000000c3700000, 0x00000000c3800000|  0%| F|  |TAMS 0x00000000c3700000, 0x00000000c3700000| Untracked 
|  56|0x00000000c3800000, 0x00000000c3800000, 0x00000000c3900000|  0%| F|  |TAMS 0x00000000c3800000, 0x00000000c3800000| Untracked 
|  57|0x00000000c3900000, 0x00000000c3900000, 0x00000000c3a00000|  0%| F|  |TAMS 0x00000000c3900000, 0x00000000c3900000| Untracked 
|  58|0x00000000c3a00000, 0x00000000c3b00000, 0x00000000c3b00000|100%| O|  |TAMS 0x00000000c3b00000, 0x00000000c3a00000| Complete 
|  59|0x00000000c3b00000, 0x00000000c3c00000, 0x00000000c3c00000|100%| O|  |TAMS 0x00000000c3c00000, 0x00000000c3b00000| Complete 
|  60|0x00000000c3c00000, 0x00000000c3d00000, 0x00000000c3d00000|100%| O|  |TAMS 0x00000000c3d00000, 0x00000000c3c00000| Complete 
|  61|0x00000000c3d00000, 0x00000000c3e00000, 0x00000000c3e00000|100%| O|  |TAMS 0x00000000c3e00000, 0x00000000c3d00000| Complete 
|  62|0x00000000c3e00000, 0x00000000c3e00000, 0x00000000c3f00000|  0%| F|  |TAMS 0x00000000c3e00000, 0x00000000c3e00000| Untracked 
|  63|0x00000000c3f00000, 0x00000000c3f00000, 0x00000000c4000000|  0%| F|  |TAMS 0x00000000c3f00000, 0x00000000c3f00000| Untracked 
|  64|0x00000000c4000000, 0x00000000c4000000, 0x00000000c4100000|  0%| F|  |TAMS 0x00000000c4000000, 0x00000000c4000000| Untracked 
|  65|0x00000000c4100000, 0x00000000c4200000, 0x00000000c4200000|100%| O|  |TAMS 0x00000000c4200000, 0x00000000c4100000| Untracked 
|  66|0x00000000c4200000, 0x00000000c4300000, 0x00000000c4300000|100%| O|  |TAMS 0x00000000c4300000, 0x00000000c4200000| Complete 
|  67|0x00000000c4300000, 0x00000000c4400000, 0x00000000c4400000|100%| O|  |TAMS 0x00000000c4400000, 0x00000000c4300000| Complete 
|  68|0x00000000c4400000, 0x00000000c4500000, 0x00000000c4500000|100%|HS|  |TAMS 0x00000000c4500000, 0x00000000c4400000| Complete 
|  69|0x00000000c4500000, 0x00000000c4600000, 0x00000000c4600000|100%|HC|  |TAMS 0x00000000c4600000, 0x00000000c4500000| Complete 
|  70|0x00000000c4600000, 0x00000000c4700000, 0x00000000c4700000|100%|HC|  |TAMS 0x00000000c4700000, 0x00000000c4600000| Complete 
|  71|0x00000000c4700000, 0x00000000c4800000, 0x00000000c4800000|100%| O|  |TAMS 0x00000000c4800000, 0x00000000c4700000| Complete 
|  72|0x00000000c4800000, 0x00000000c4900000, 0x00000000c4900000|100%| O|  |TAMS 0x00000000c4900000, 0x00000000c4800000| Complete 
|  73|0x00000000c4900000, 0x00000000c4a00000, 0x00000000c4a00000|100%| O|  |TAMS 0x00000000c4a00000, 0x00000000c4900000| Complete 
|  74|0x00000000c4a00000, 0x00000000c4a00000, 0x00000000c4b00000|  0%| F|  |TAMS 0x00000000c4a00000, 0x00000000c4a00000| Untracked 
|  75|0x00000000c4b00000, 0x00000000c4c00000, 0x00000000c4c00000|100%| O|  |TAMS 0x00000000c4c00000, 0x00000000c4b00000| Complete 
|  76|0x00000000c4c00000, 0x00000000c4d00000, 0x00000000c4d00000|100%| O|  |TAMS 0x00000000c4d00000, 0x00000000c4c00000| Complete 
|  77|0x00000000c4d00000, 0x00000000c4e00000, 0x00000000c4e00000|100%| O|  |TAMS 0x00000000c4e00000, 0x00000000c4d00000| Complete 
|  78|0x00000000c4e00000, 0x00000000c4e00000, 0x00000000c4f00000|  0%| F|  |TAMS 0x00000000c4e00000, 0x00000000c4e00000| Untracked 
|  79|0x00000000c4f00000, 0x00000000c5000000, 0x00000000c5000000|100%| O|  |TAMS 0x00000000c5000000, 0x00000000c4f00000| Complete 
|  80|0x00000000c5000000, 0x00000000c5100000, 0x00000000c5100000|100%|HS|  |TAMS 0x00000000c5100000, 0x00000000c5000000| Complete 
|  81|0x00000000c5100000, 0x00000000c5200000, 0x00000000c5200000|100%| O|  |TAMS 0x00000000c5200000, 0x00000000c5100000| Complete 
|  82|0x00000000c5200000, 0x00000000c5300000, 0x00000000c5300000|100%| O|  |TAMS 0x00000000c5300000, 0x00000000c5200000| Complete 
|  83|0x00000000c5300000, 0x00000000c5400000, 0x00000000c5400000|100%| O|  |TAMS 0x00000000c5400000, 0x00000000c5300000| Complete 
|  84|0x00000000c5400000, 0x00000000c5500000, 0x00000000c5500000|100%| O|  |TAMS 0x00000000c5500000, 0x00000000c5400000| Complete 
|  85|0x00000000c5500000, 0x00000000c5600000, 0x00000000c5600000|100%| O|  |TAMS 0x00000000c5600000, 0x00000000c5500000| Complete 
|  86|0x00000000c5600000, 0x00000000c5700000, 0x00000000c5700000|100%| O|  |TAMS 0x00000000c5700000, 0x00000000c5600000| Untracked 
|  87|0x00000000c5700000, 0x00000000c5800000, 0x00000000c5800000|100%| O|  |TAMS 0x00000000c5800000, 0x00000000c5700000| Complete 
|  88|0x00000000c5800000, 0x00000000c5900000, 0x00000000c5900000|100%| O|  |TAMS 0x00000000c5900000, 0x00000000c5800000| Untracked 
|  89|0x00000000c5900000, 0x00000000c5900000, 0x00000000c5a00000|  0%| F|  |TAMS 0x00000000c5900000, 0x00000000c5900000| Untracked 
|  90|0x00000000c5a00000, 0x00000000c5a00000, 0x00000000c5b00000|  0%| F|  |TAMS 0x00000000c5a00000, 0x00000000c5a00000| Untracked 
|  91|0x00000000c5b00000, 0x00000000c5c00000, 0x00000000c5c00000|100%| O|  |TAMS 0x00000000c5c00000, 0x00000000c5b00000| Complete 
|  92|0x00000000c5c00000, 0x00000000c5d00000, 0x00000000c5d00000|100%| O|  |TAMS 0x00000000c5d00000, 0x00000000c5c00000| Complete 
|  93|0x00000000c5d00000, 0x00000000c5e00000, 0x00000000c5e00000|100%| O|  |TAMS 0x00000000c5e00000, 0x00000000c5d00000| Complete 
|  94|0x00000000c5e00000, 0x00000000c5f00000, 0x00000000c5f00000|100%| O|  |TAMS 0x00000000c5f00000, 0x00000000c5e00000| Complete 
|  95|0x00000000c5f00000, 0x00000000c5f00000, 0x00000000c6000000|  0%| F|  |TAMS 0x00000000c5f00000, 0x00000000c5f00000| Untracked 
|  96|0x00000000c6000000, 0x00000000c6100000, 0x00000000c6100000|100%| O|  |TAMS 0x00000000c6100000, 0x00000000c6000000| Complete 
|  97|0x00000000c6100000, 0x00000000c6200000, 0x00000000c6200000|100%| O|  |TAMS 0x00000000c6200000, 0x00000000c6100000| Complete 
|  98|0x00000000c6200000, 0x00000000c6200000, 0x00000000c6300000|  0%| F|  |TAMS 0x00000000c6200000, 0x00000000c6200000| Untracked 
|  99|0x00000000c6300000, 0x00000000c6300000, 0x00000000c6400000|  0%| F|  |TAMS 0x00000000c6300000, 0x00000000c6300000| Untracked 
| 100|0x00000000c6400000, 0x00000000c6500000, 0x00000000c6500000|100%| O|  |TAMS 0x00000000c6500000, 0x00000000c6400000| Complete 
| 101|0x00000000c6500000, 0x00000000c6600000, 0x00000000c6600000|100%| O|  |TAMS 0x00000000c6600000, 0x00000000c6500000| Complete 
| 102|0x00000000c6600000, 0x00000000c6700000, 0x00000000c6700000|100%| O|  |TAMS 0x00000000c6700000, 0x00000000c6600000| Complete 
| 103|0x00000000c6700000, 0x00000000c6700000, 0x00000000c6800000|  0%| F|  |TAMS 0x00000000c6700000, 0x00000000c6700000| Untracked 
| 104|0x00000000c6800000, 0x00000000c6900000, 0x00000000c6900000|100%| O|  |TAMS 0x00000000c6900000, 0x00000000c6800000| Complete 
| 105|0x00000000c6900000, 0x00000000c6a00000, 0x00000000c6a00000|100%| O|  |TAMS 0x00000000c6a00000, 0x00000000c6900000| Complete 
| 106|0x00000000c6a00000, 0x00000000c6b00000, 0x00000000c6b00000|100%| O|  |TAMS 0x00000000c6b00000, 0x00000000c6a00000| Complete 
| 107|0x00000000c6b00000, 0x00000000c6c00000, 0x00000000c6c00000|100%| O|  |TAMS 0x00000000c6c00000, 0x00000000c6b00000| Complete 
| 108|0x00000000c6c00000, 0x00000000c6d00000, 0x00000000c6d00000|100%| O|  |TAMS 0x00000000c6d00000, 0x00000000c6c00000| Complete 
| 109|0x00000000c6d00000, 0x00000000c6d31a00, 0x00000000c6e00000| 19%| O|  |TAMS 0x00000000c6d31a00, 0x00000000c6d00000| Untracked 
| 110|0x00000000c6e00000, 0x00000000c6e00000, 0x00000000c6f00000|  0%| F|  |TAMS 0x00000000c6e00000, 0x00000000c6e00000| Untracked 
| 111|0x00000000c6f00000, 0x00000000c7000000, 0x00000000c7000000|100%| O|  |TAMS 0x00000000c7000000, 0x00000000c6f00000| Complete 
| 112|0x00000000c7000000, 0x00000000c7000000, 0x00000000c7100000|  0%| F|  |TAMS 0x00000000c7000000, 0x00000000c7000000| Untracked 
| 113|0x00000000c7100000, 0x00000000c7100000, 0x00000000c7200000|  0%| F|  |TAMS 0x00000000c7100000, 0x00000000c7100000| Untracked 
| 114|0x00000000c7200000, 0x00000000c7200000, 0x00000000c7300000|  0%| F|  |TAMS 0x00000000c7200000, 0x00000000c7200000| Untracked 
| 115|0x00000000c7300000, 0x00000000c7400000, 0x00000000c7400000|100%| O|  |TAMS 0x00000000c7400000, 0x00000000c7300000| Complete 
| 116|0x00000000c7400000, 0x00000000c7400000, 0x00000000c7500000|  0%| F|  |TAMS 0x00000000c7400000, 0x00000000c7400000| Untracked 
| 117|0x00000000c7500000, 0x00000000c7500000, 0x00000000c7600000|  0%| F|  |TAMS 0x00000000c7500000, 0x00000000c7500000| Untracked 
| 118|0x00000000c7600000, 0x00000000c7600000, 0x00000000c7700000|  0%| F|  |TAMS 0x00000000c7600000, 0x00000000c7600000| Untracked 
| 119|0x00000000c7700000, 0x00000000c7700000, 0x00000000c7800000|  0%| F|  |TAMS 0x00000000c7700000, 0x00000000c7700000| Untracked 
| 120|0x00000000c7800000, 0x00000000c7900000, 0x00000000c7900000|100%| O|  |TAMS 0x00000000c7900000, 0x00000000c7800000| Complete 
| 121|0x00000000c7900000, 0x00000000c7900000, 0x00000000c7a00000|  0%| F|  |TAMS 0x00000000c7900000, 0x00000000c7900000| Untracked 
| 122|0x00000000c7a00000, 0x00000000c7a00000, 0x00000000c7b00000|  0%| F|  |TAMS 0x00000000c7a00000, 0x00000000c7a00000| Untracked 
| 123|0x00000000c7b00000, 0x00000000c7b00000, 0x00000000c7c00000|  0%| F|  |TAMS 0x00000000c7b00000, 0x00000000c7b00000| Untracked 
| 124|0x00000000c7c00000, 0x00000000c7c00000, 0x00000000c7d00000|  0%| F|  |TAMS 0x00000000c7c00000, 0x00000000c7c00000| Untracked 
| 125|0x00000000c7d00000, 0x00000000c7d00000, 0x00000000c7e00000|  0%| F|  |TAMS 0x00000000c7d00000, 0x00000000c7d00000| Untracked 
| 126|0x00000000c7e00000, 0x00000000c7e00000, 0x00000000c7f00000|  0%| F|  |TAMS 0x00000000c7e00000, 0x00000000c7e00000| Untracked 
| 127|0x00000000c7f00000, 0x00000000c7f00000, 0x00000000c8000000|  0%| F|  |TAMS 0x00000000c7f00000, 0x00000000c7f00000| Untracked 
| 128|0x00000000c8000000, 0x00000000c8000000, 0x00000000c8100000|  0%| F|  |TAMS 0x00000000c8000000, 0x00000000c8000000| Untracked 
| 129|0x00000000c8100000, 0x00000000c8100000, 0x00000000c8200000|  0%| F|  |TAMS 0x00000000c8100000, 0x00000000c8100000| Untracked 
| 130|0x00000000c8200000, 0x00000000c8200000, 0x00000000c8300000|  0%| F|  |TAMS 0x00000000c8200000, 0x00000000c8200000| Untracked 
| 131|0x00000000c8300000, 0x00000000c8300000, 0x00000000c8400000|  0%| F|  |TAMS 0x00000000c8300000, 0x00000000c8300000| Untracked 
| 132|0x00000000c8400000, 0x00000000c8400000, 0x00000000c8500000|  0%| F|  |TAMS 0x00000000c8400000, 0x00000000c8400000| Untracked 
| 133|0x00000000c8500000, 0x00000000c8500000, 0x00000000c8600000|  0%| F|  |TAMS 0x00000000c8500000, 0x00000000c8500000| Untracked 
| 134|0x00000000c8600000, 0x00000000c8600000, 0x00000000c8700000|  0%| F|  |TAMS 0x00000000c8600000, 0x00000000c8600000| Untracked 
| 135|0x00000000c8700000, 0x00000000c8700000, 0x00000000c8800000|  0%| F|  |TAMS 0x00000000c8700000, 0x00000000c8700000| Untracked 
| 136|0x00000000c8800000, 0x00000000c8800000, 0x00000000c8900000|  0%| F|  |TAMS 0x00000000c8800000, 0x00000000c8800000| Untracked 
| 137|0x00000000c8900000, 0x00000000c8900000, 0x00000000c8a00000|  0%| F|  |TAMS 0x00000000c8900000, 0x00000000c8900000| Untracked 
| 138|0x00000000c8a00000, 0x00000000c8a00000, 0x00000000c8b00000|  0%| F|  |TAMS 0x00000000c8a00000, 0x00000000c8a00000| Untracked 
| 139|0x00000000c8b00000, 0x00000000c8b00000, 0x00000000c8c00000|  0%| F|  |TAMS 0x00000000c8b00000, 0x00000000c8b00000| Untracked 
| 140|0x00000000c8c00000, 0x00000000c8c00000, 0x00000000c8d00000|  0%| F|  |TAMS 0x00000000c8c00000, 0x00000000c8c00000| Untracked 
| 141|0x00000000c8d00000, 0x00000000c8d00000, 0x00000000c8e00000|  0%| F|  |TAMS 0x00000000c8d00000, 0x00000000c8d00000| Untracked 
| 142|0x00000000c8e00000, 0x00000000c8e491d0, 0x00000000c8f00000| 28%| E|  |TAMS 0x00000000c8e00000, 0x00000000c8e00000| Complete 
| 143|0x00000000c8f00000, 0x00000000c9000000, 0x00000000c9000000|100%| E|CS|TAMS 0x00000000c8f00000, 0x00000000c8f00000| Complete 
| 144|0x00000000c9000000, 0x00000000c9100000, 0x00000000c9100000|100%| E|CS|TAMS 0x00000000c9000000, 0x00000000c9000000| Complete 
| 145|0x00000000c9100000, 0x00000000c9200000, 0x00000000c9200000|100%| E|CS|TAMS 0x00000000c9100000, 0x00000000c9100000| Complete 
| 146|0x00000000c9200000, 0x00000000c9300000, 0x00000000c9300000|100%| E|CS|TAMS 0x00000000c9200000, 0x00000000c9200000| Complete 
| 147|0x00000000c9300000, 0x00000000c9400000, 0x00000000c9400000|100%| E|CS|TAMS 0x00000000c9300000, 0x00000000c9300000| Complete 
| 148|0x00000000c9400000, 0x00000000c9500000, 0x00000000c9500000|100%| E|CS|TAMS 0x00000000c9400000, 0x00000000c9400000| Complete 
| 149|0x00000000c9500000, 0x00000000c9600000, 0x00000000c9600000|100%| E|CS|TAMS 0x00000000c9500000, 0x00000000c9500000| Complete 
| 150|0x00000000c9600000, 0x00000000c9700000, 0x00000000c9700000|100%| E|CS|TAMS 0x00000000c9600000, 0x00000000c9600000| Complete 
| 151|0x00000000c9700000, 0x00000000c9800000, 0x00000000c9800000|100%| E|CS|TAMS 0x00000000c9700000, 0x00000000c9700000| Complete 
| 152|0x00000000c9800000, 0x00000000c9900000, 0x00000000c9900000|100%| E|CS|TAMS 0x00000000c9800000, 0x00000000c9800000| Complete 
| 153|0x00000000c9900000, 0x00000000c9a00000, 0x00000000c9a00000|100%| E|CS|TAMS 0x00000000c9900000, 0x00000000c9900000| Complete 
| 154|0x00000000c9a00000, 0x00000000c9b00000, 0x00000000c9b00000|100%| E|CS|TAMS 0x00000000c9a00000, 0x00000000c9a00000| Complete 
| 155|0x00000000c9b00000, 0x00000000c9c00000, 0x00000000c9c00000|100%| E|CS|TAMS 0x00000000c9b00000, 0x00000000c9b00000| Complete 
| 156|0x00000000c9c00000, 0x00000000c9d00000, 0x00000000c9d00000|100%| E|CS|TAMS 0x00000000c9c00000, 0x00000000c9c00000| Complete 
| 157|0x00000000c9d00000, 0x00000000c9e00000, 0x00000000c9e00000|100%| E|CS|TAMS 0x00000000c9d00000, 0x00000000c9d00000| Complete 
| 158|0x00000000c9e00000, 0x00000000c9f00000, 0x00000000c9f00000|100%| E|CS|TAMS 0x00000000c9e00000, 0x00000000c9e00000| Complete 
| 159|0x00000000c9f00000, 0x00000000ca000000, 0x00000000ca000000|100%| E|CS|TAMS 0x00000000c9f00000, 0x00000000c9f00000| Complete 
| 160|0x00000000ca000000, 0x00000000ca100000, 0x00000000ca100000|100%| E|CS|TAMS 0x00000000ca000000, 0x00000000ca000000| Complete 
| 161|0x00000000ca100000, 0x00000000ca200000, 0x00000000ca200000|100%| E|CS|TAMS 0x00000000ca100000, 0x00000000ca100000| Complete 
| 162|0x00000000ca200000, 0x00000000ca300000, 0x00000000ca300000|100%| E|CS|TAMS 0x00000000ca200000, 0x00000000ca200000| Complete 
| 163|0x00000000ca300000, 0x00000000ca400000, 0x00000000ca400000|100%| E|CS|TAMS 0x00000000ca300000, 0x00000000ca300000| Complete 
| 164|0x00000000ca400000, 0x00000000ca500000, 0x00000000ca500000|100%| E|CS|TAMS 0x00000000ca400000, 0x00000000ca400000| Complete 
| 165|0x00000000ca500000, 0x00000000ca600000, 0x00000000ca600000|100%| E|CS|TAMS 0x00000000ca500000, 0x00000000ca500000| Complete 
| 166|0x00000000ca600000, 0x00000000ca700000, 0x00000000ca700000|100%| E|CS|TAMS 0x00000000ca600000, 0x00000000ca600000| Complete 
| 167|0x00000000ca700000, 0x00000000ca800000, 0x00000000ca800000|100%| E|CS|TAMS 0x00000000ca700000, 0x00000000ca700000| Complete 
| 168|0x00000000ca800000, 0x00000000ca900000, 0x00000000ca900000|100%| E|CS|TAMS 0x00000000ca800000, 0x00000000ca800000| Complete 
| 169|0x00000000ca900000, 0x00000000caa00000, 0x00000000caa00000|100%| E|CS|TAMS 0x00000000ca900000, 0x00000000ca900000| Complete 
| 170|0x00000000caa00000, 0x00000000cab00000, 0x00000000cab00000|100%| E|CS|TAMS 0x00000000caa00000, 0x00000000caa00000| Complete 
| 171|0x00000000cab00000, 0x00000000cac00000, 0x00000000cac00000|100%| E|CS|TAMS 0x00000000cab00000, 0x00000000cab00000| Complete 
| 172|0x00000000cac00000, 0x00000000cad00000, 0x00000000cad00000|100%| E|CS|TAMS 0x00000000cac00000, 0x00000000cac00000| Complete 
| 173|0x00000000cad00000, 0x00000000cae00000, 0x00000000cae00000|100%| E|CS|TAMS 0x00000000cad00000, 0x00000000cad00000| Complete 
| 174|0x00000000cae00000, 0x00000000caf00000, 0x00000000caf00000|100%| E|CS|TAMS 0x00000000cae00000, 0x00000000cae00000| Complete 
| 175|0x00000000caf00000, 0x00000000cb000000, 0x00000000cb000000|100%| E|CS|TAMS 0x00000000caf00000, 0x00000000caf00000| Complete 
| 176|0x00000000cb000000, 0x00000000cb100000, 0x00000000cb100000|100%| E|CS|TAMS 0x00000000cb000000, 0x00000000cb000000| Complete 
| 177|0x00000000cb100000, 0x00000000cb200000, 0x00000000cb200000|100%| E|CS|TAMS 0x00000000cb100000, 0x00000000cb100000| Complete 
| 178|0x00000000cb200000, 0x00000000cb300000, 0x00000000cb300000|100%| E|CS|TAMS 0x00000000cb200000, 0x00000000cb200000| Complete 
| 179|0x00000000cb300000, 0x00000000cb400000, 0x00000000cb400000|100%| E|CS|TAMS 0x00000000cb300000, 0x00000000cb300000| Complete 
| 180|0x00000000cb400000, 0x00000000cb500000, 0x00000000cb500000|100%| E|CS|TAMS 0x00000000cb400000, 0x00000000cb400000| Complete 
| 181|0x00000000cb500000, 0x00000000cb600000, 0x00000000cb600000|100%| E|CS|TAMS 0x00000000cb500000, 0x00000000cb500000| Complete 
| 182|0x00000000cb600000, 0x00000000cb700000, 0x00000000cb700000|100%| E|CS|TAMS 0x00000000cb600000, 0x00000000cb600000| Complete 
| 183|0x00000000cb700000, 0x00000000cb800000, 0x00000000cb800000|100%| E|CS|TAMS 0x00000000cb700000, 0x00000000cb700000| Complete 
| 184|0x00000000cb800000, 0x00000000cb900000, 0x00000000cb900000|100%| E|CS|TAMS 0x00000000cb800000, 0x00000000cb800000| Complete 
| 185|0x00000000cb900000, 0x00000000cba00000, 0x00000000cba00000|100%| E|CS|TAMS 0x00000000cb900000, 0x00000000cb900000| Complete 
| 186|0x00000000cba00000, 0x00000000cbb00000, 0x00000000cbb00000|100%| E|CS|TAMS 0x00000000cba00000, 0x00000000cba00000| Complete 
| 187|0x00000000cbb00000, 0x00000000cbc00000, 0x00000000cbc00000|100%| E|CS|TAMS 0x00000000cbb00000, 0x00000000cbb00000| Complete 
| 188|0x00000000cbc00000, 0x00000000cbd00000, 0x00000000cbd00000|100%| E|CS|TAMS 0x00000000cbc00000, 0x00000000cbc00000| Complete 
| 189|0x00000000cbd00000, 0x00000000cbe00000, 0x00000000cbe00000|100%| E|CS|TAMS 0x00000000cbd00000, 0x00000000cbd00000| Complete 
| 190|0x00000000cbe00000, 0x00000000cbf00000, 0x00000000cbf00000|100%| E|CS|TAMS 0x00000000cbe00000, 0x00000000cbe00000| Complete 
| 191|0x00000000cbf00000, 0x00000000cc000000, 0x00000000cc000000|100%| E|CS|TAMS 0x00000000cbf00000, 0x00000000cbf00000| Complete 
| 192|0x00000000cc000000, 0x00000000cc100000, 0x00000000cc100000|100%| E|CS|TAMS 0x00000000cc000000, 0x00000000cc000000| Complete 
| 193|0x00000000cc100000, 0x00000000cc200000, 0x00000000cc200000|100%| E|CS|TAMS 0x00000000cc100000, 0x00000000cc100000| Complete 
| 194|0x00000000cc200000, 0x00000000cc300000, 0x00000000cc300000|100%| E|CS|TAMS 0x00000000cc200000, 0x00000000cc200000| Complete 
| 195|0x00000000cc300000, 0x00000000cc400000, 0x00000000cc400000|100%| E|CS|TAMS 0x00000000cc300000, 0x00000000cc300000| Complete 
| 196|0x00000000cc400000, 0x00000000cc500000, 0x00000000cc500000|100%| E|CS|TAMS 0x00000000cc400000, 0x00000000cc400000| Complete 
| 197|0x00000000cc500000, 0x00000000cc600000, 0x00000000cc600000|100%| E|CS|TAMS 0x00000000cc500000, 0x00000000cc500000| Complete 
| 198|0x00000000cc600000, 0x00000000cc700000, 0x00000000cc700000|100%| E|CS|TAMS 0x00000000cc600000, 0x00000000cc600000| Complete 
| 199|0x00000000cc700000, 0x00000000cc800000, 0x00000000cc800000|100%| E|CS|TAMS 0x00000000cc700000, 0x00000000cc700000| Complete 
| 200|0x00000000cc800000, 0x00000000cc900000, 0x00000000cc900000|100%| E|CS|TAMS 0x00000000cc800000, 0x00000000cc800000| Complete 
| 201|0x00000000cc900000, 0x00000000cca00000, 0x00000000cca00000|100%| E|CS|TAMS 0x00000000cc900000, 0x00000000cc900000| Complete 
| 202|0x00000000cca00000, 0x00000000ccb00000, 0x00000000ccb00000|100%| E|CS|TAMS 0x00000000cca00000, 0x00000000cca00000| Complete 
| 203|0x00000000ccb00000, 0x00000000ccc00000, 0x00000000ccc00000|100%| E|CS|TAMS 0x00000000ccb00000, 0x00000000ccb00000| Complete 
| 204|0x00000000ccc00000, 0x00000000cccb0658, 0x00000000ccd00000| 68%| S|CS|TAMS 0x00000000ccc00000, 0x00000000ccc00000| Complete 
| 205|0x00000000ccd00000, 0x00000000cce00000, 0x00000000cce00000|100%| E|CS|TAMS 0x00000000ccd00000, 0x00000000ccd00000| Complete 
| 206|0x00000000cce00000, 0x00000000ccf00000, 0x00000000ccf00000|100%| E|CS|TAMS 0x00000000cce00000, 0x00000000cce00000| Complete 
| 207|0x00000000ccf00000, 0x00000000cd000000, 0x00000000cd000000|100%| E|CS|TAMS 0x00000000ccf00000, 0x00000000ccf00000| Complete 

Card table byte_map: [0x000001f0d1940000,0x000001f0d1b40000] _byte_map_base: 0x000001f0d1340000

Marking Bits (Prev, Next): (CMBitMap*) 0x000001f0ba126e10, (CMBitMap*) 0x000001f0ba126dd8
 Prev Bits: [0x000001f0d2d40000, 0x000001f0d3d40000)
 Next Bits: [0x000001f0d1d40000, 0x000001f0d2d40000)

Polling page: 0x000001f0b7fe0000

Metaspace:

Usage:
  Non-class:    154.03 MB capacity,   147.86 MB ( 96%) used,     4.83 MB (  3%) free+waste,     1.34 MB ( <1%) overhead. 
      Class:     26.69 MB capacity,    21.77 MB ( 82%) used,     4.29 MB ( 16%) free+waste,   650.38 KB (  2%) overhead. 
       Both:    180.72 MB capacity,   169.63 MB ( 94%) used,     9.12 MB (  5%) free+waste,     1.97 MB (  1%) overhead. 

Virtual space:
  Non-class space:      156.00 MB reserved,     154.11 MB ( 99%) committed 
      Class space:        1.00 GB reserved,      26.79 MB (  3%) committed 
             Both:        1.15 GB reserved,     180.90 MB ( 15%) committed 

Chunk freelists:
   Non-Class:  0 bytes
       Class:  0 bytes
        Both:  0 bytes

CodeHeap 'non-profiled nmethods': size=120000Kb used=25436Kb max_used=26063Kb free=94563Kb
 bounds [0x000001f0c9ee0000, 0x000001f0cb860000, 0x000001f0d1410000]
CodeHeap 'profiled nmethods': size=120000Kb used=59632Kb max_used=64765Kb free=60367Kb
 bounds [0x000001f0c29b0000, 0x000001f0c6950000, 0x000001f0c9ee0000]
CodeHeap 'non-nmethods': size=5760Kb used=1417Kb max_used=1465Kb free=4342Kb
 bounds [0x000001f0c2410000, 0x000001f0c2680000, 0x000001f0c29b0000]
 total_blobs=45349 nmethods=26668 adapters=769
 compilation: enabled
              stopped_count=0, restarted_count=0
 full_count=0

Compilation events (10 events):
Event: 5529.308 Thread 0x000001f0d67b3000 nmethod 33471 0x000001f0c3a38190 code [0x000001f0c3a38360, 0x000001f0c3a38618]
Event: 5529.309 Thread 0x000001f0d67b3000 33472       3       dotty.tools.dotc.core.Definitions::LanguageModule (34 bytes)
Event: 5529.309 Thread 0x000001f0d67b3000 nmethod 33472 0x000001f0c3a5dc10 code [0x000001f0c3a5dde0, 0x000001f0c3a5e050]
Event: 5529.312 Thread 0x000001f0d67b3000 33473       3       scala.collection.AbstractIterator::takeWhile (6 bytes)
Event: 5529.313 Thread 0x000001f0d67b3000 nmethod 33473 0x000001f0c3a97910 code [0x000001f0c3a97b00, 0x000001f0c3a97f58]
Event: 5529.315 Thread 0x000001f0d67b3000 33474       3       dotty.tools.dotc.typer.Typer::typedLiteral (42 bytes)
Event: 5529.316 Thread 0x000001f0d67b3000 nmethod 33474 0x000001f0c3be0210 code [0x000001f0c3be04a0, 0x000001f0c3be11d0]
Event: 5529.316 Thread 0x000001f0d67b3000 33475       3       dotty.tools.dotc.typer.Applications$TestApplication::addArg (16 bytes)
Event: 5529.316 Thread 0x000001f0d67a6000 33476       4       dotty.tools.dotc.typer.Applications::needsTupledDual (198 bytes)
Event: 5529.316 Thread 0x000001f0d67b3000 nmethod 33475 0x000001f0c3aa2710 code [0x000001f0c3aa28e0, 0x000001f0c3aa2c30]

GC Heap History (10 events):
Event: 5462.169 GC heap before
{Heap before GC invocations=469 (full 0):
 garbage-first heap   total 212992K, used 105444K [0x00000000c0000000, 0x0000000100000000)
  region size 1024K, 11 young (11264K), 10 survivors (10240K)
 Metaspace       used 173607K, capacity 184983K, committed 185240K, reserved 1208320K
  class space    used 22282K, capacity 27318K, committed 27428K, reserved 1048576K
}
Event: 5462.197 GC heap after
{Heap after GC invocations=470 (full 0):
 garbage-first heap   total 212992K, used 105384K [0x00000000c0000000, 0x0000000100000000)
  region size 1024K, 2 young (2048K), 2 survivors (2048K)
 Metaspace       used 173607K, capacity 184983K, committed 185240K, reserved 1208320K
  class space    used 22282K, capacity 27318K, committed 27428K, reserved 1048576K
}
Event: 5500.242 GC heap before
{Heap before GC invocations=470 (full 0):
 garbage-first heap   total 212992K, used 158632K [0x00000000c0000000, 0x0000000100000000)
  region size 1024K, 55 young (56320K), 2 survivors (2048K)
 Metaspace       used 173644K, capacity 185007K, committed 185240K, reserved 1208320K
  class space    used 22282K, capacity 27318K, committed 27428K, reserved 1048576K
}
Event: 5500.246 GC heap after
{Heap after GC invocations=471 (full 0):
 garbage-first heap   total 212992K, used 105064K [0x00000000c0000000, 0x0000000100000000)
  region size 1024K, 1 young (1024K), 1 survivors (1024K)
 Metaspace       used 173644K, capacity 185007K, committed 185240K, reserved 1208320K
  class space    used 22282K, capacity 27318K, committed 27428K, reserved 1048576K
}
Event: 5513.629 GC heap before
{Heap before GC invocations=472 (full 0):
 garbage-first heap   total 212992K, used 166504K [0x00000000c0000000, 0x0000000100000000)
  region size 1024K, 65 young (66560K), 1 survivors (1024K)
 Metaspace       used 173656K, capacity 185021K, committed 185240K, reserved 1208320K
  class space    used 22282K, capacity 27318K, committed 27428K, reserved 1048576K
}
Event: 5513.637 GC heap after
{Heap after GC invocations=473 (full 0):
 garbage-first heap   total 212992K, used 111535K [0x00000000c0000000, 0x0000000100000000)
  region size 1024K, 9 young (9216K), 9 survivors (9216K)
 Metaspace       used 173656K, capacity 185021K, committed 185240K, reserved 1208320K
  class space    used 22282K, capacity 27318K, committed 27428K, reserved 1048576K
}
Event: 5513.662 GC heap before
{Heap before GC invocations=473 (full 0):
 garbage-first heap   total 212992K, used 112559K [0x00000000c0000000, 0x0000000100000000)
  region size 1024K, 10 young (10240K), 9 survivors (9216K)
 Metaspace       used 173656K, capacity 185021K, committed 185240K, reserved 1208320K
  class space    used 22282K, capacity 27318K, committed 27428K, reserved 1048576K
}
Event: 5513.677 GC heap after
{Heap after GC invocations=474 (full 0):
 garbage-first heap   total 212992K, used 101476K [0x00000000c0000000, 0x0000000100000000)
  region size 1024K, 1 young (1024K), 1 survivors (1024K)
 Metaspace       used 173656K, capacity 185021K, committed 185240K, reserved 1208320K
  class space    used 22282K, capacity 27318K, committed 27428K, reserved 1048576K
}
Event: 5516.631 GC heap before
{Heap before GC invocations=474 (full 0):
 garbage-first heap   total 212992K, used 102500K [0x00000000c0000000, 0x0000000100000000)
  region size 1024K, 3 young (3072K), 1 survivors (1024K)
 Metaspace       used 173656K, capacity 185021K, committed 185240K, reserved 1208320K
  class space    used 22282K, capacity 27318K, committed 27428K, reserved 1048576K
}
Event: 5516.647 GC heap after
{Heap after GC invocations=475 (full 0):
 garbage-first heap   total 212992K, used 101256K [0x00000000c0000000, 0x0000000100000000)
  region size 1024K, 1 young (1024K), 1 survivors (1024K)
 Metaspace       used 173656K, capacity 185021K, committed 185240K, reserved 1208320K
  class space    used 22282K, capacity 27318K, committed 27428K, reserved 1048576K
}

Deoptimization events (10 events):
Event: 5520.406 Thread 0x000001f0d9e60000 Uncommon trap: reason=unstable_if action=reinterpret pc=0x000001f0ca678c18 method=scala.meta.internal.parsers.ScannerTokens.isTrailingComma$1(Lscala/meta/tokens/Token;Lscala/meta/tokens/Token;)Z @ 57 c2
Event: 5525.545 Thread 0x000001f0df08d800 Uncommon trap: reason=class_check action=maybe_recompile pc=0x000001f0cb17b324 method=dotty.tools.dotc.typer.ProtoTypes$.normalize(Ldotty/tools/dotc/core/Types$Type;Ldotty/tools/dotc/core/Types$Type;ZLdotty/tools/dotc/core/Contexts$Context;)Ldotty/tools/d
Event: 5525.546 Thread 0x000001f0df08d800 Uncommon trap: reason=unstable_if action=reinterpret pc=0x000001f0cb566140 method=dotty.tools.dotc.typer.Implicits.viewExists(Ldotty/tools/dotc/core/Types$Type;Ldotty/tools/dotc/core/Types$Type;Ldotty/tools/dotc/core/Contexts$Context;)Z @ 39 c2
Event: 5525.546 Thread 0x000001f0df08d800 Uncommon trap: reason=unstable_if action=reinterpret pc=0x000001f0cab805ec method=dotty.tools.dotc.typer.ProtoTypes$SelectionProto.qualifies$1(Ldotty/tools/dotc/core/Types$Type;ZLdotty/tools/dotc/core/Contexts$Context;Ldotty/tools/dotc/core/Denotations$Si
Event: 5525.549 Thread 0x000001f0df08d800 Uncommon trap: reason=unstable_if action=reinterpret pc=0x000001f0cb50ff24 method=dotty.tools.dotc.typer.ProtoTypes$.dotty$tools$dotc$typer$ProtoTypes$$$wildApprox(Ldotty/tools/dotc/core/Types$Type;Ldotty/tools/dotc/typer/ProtoTypes$WildApproxMap;Lscala/c
Event: 5525.565 Thread 0x000001f0df08d800 Uncommon trap: reason=bimorphic_or_optimized_type_check action=maybe_recompile pc=0x000001f0cb356118 method=dotty.tools.dotc.core.Types$TypeMap.mapOver(Ldotty/tools/dotc/core/Types$Type;)Ldotty/tools/dotc/core/Types$Type; @ 580 c2
Event: 5525.778 Thread 0x000001f0d9e59800 Uncommon trap: reason=unstable_if action=reinterpret pc=0x000001f0ca77c0cc method=scala.meta.internal.tokenizers.LegacyScanner.checkNoLetter()V @ 13 c2
Event: 5528.747 Thread 0x000001f0df08c000 Uncommon trap: reason=profile_predicate action=maybe_recompile pc=0x000001f0cb47107c method=scala.meta.internal.semanticdb.ClassSignature$.parseFrom(Lcom/google/protobuf/CodedInputStream;)Lscala/meta/internal/semanticdb/ClassSignature; @ 27 c2
Event: 5528.748 Thread 0x000001f0df08c000 Uncommon trap: reason=profile_predicate action=maybe_recompile pc=0x000001f0cb47107c method=scala.meta.internal.semanticdb.ClassSignature$.parseFrom(Lcom/google/protobuf/CodedInputStream;)Lscala/meta/internal/semanticdb/ClassSignature; @ 27 c2
Event: 5528.748 Thread 0x000001f0df08c000 Uncommon trap: reason=profile_predicate action=maybe_recompile pc=0x000001f0cb47107c method=scala.meta.internal.semanticdb.ClassSignature$.parseFrom(Lcom/google/protobuf/CodedInputStream;)Lscala/meta/internal/semanticdb/ClassSignature; @ 27 c2

Classes redefined (0 events):
No events

Internal exceptions (10 events):
Event: 5516.760 Thread 0x000001f0df08d800 Exception <a 'sun/nio/fs/WindowsException'{0x00000000cb2d0478}> (0x00000000cb2d0478) thrown at [t:/workspace/open/src/hotspot/share/prims/jni.cpp, line 615]
Event: 5516.760 Thread 0x000001f0df08d800 Exception <a 'sun/nio/fs/WindowsException'{0x00000000cb2d4fd0}> (0x00000000cb2d4fd0) thrown at [t:/workspace/open/src/hotspot/share/prims/jni.cpp, line 615]
Event: 5516.761 Thread 0x000001f0df08d800 Exception <a 'sun/nio/fs/WindowsException'{0x00000000cb2d5660}> (0x00000000cb2d5660) thrown at [t:/workspace/open/src/hotspot/share/prims/jni.cpp, line 615]
Event: 5516.761 Thread 0x000001f0df08d800 Exception <a 'sun/nio/fs/WindowsException'{0x00000000cb2d5f00}> (0x00000000cb2d5f00) thrown at [t:/workspace/open/src/hotspot/share/prims/jni.cpp, line 615]
Event: 5520.445 Thread 0x000001f0d9e58000 Exception <a 'sun/nio/fs/WindowsException'{0x00000000ca11c6f8}> (0x00000000ca11c6f8) thrown at [t:/workspace/open/src/hotspot/share/prims/jni.cpp, line 615]
Event: 5520.447 Thread 0x000001f0d9e58000 Exception <a 'sun/nio/fs/WindowsException'{0x00000000ca11e338}> (0x00000000ca11e338) thrown at [t:/workspace/open/src/hotspot/share/prims/jni.cpp, line 615]
Event: 5525.766 Thread 0x000001f0df089800 Exception <a 'sun/nio/fs/WindowsException'{0x00000000c9c823b0}> (0x00000000c9c823b0) thrown at [t:/workspace/open/src/hotspot/share/prims/jni.cpp, line 615]
Event: 5525.766 Thread 0x000001f0df089800 Exception <a 'sun/nio/fs/WindowsException'{0x00000000c9c83ff0}> (0x00000000c9c83ff0) thrown at [t:/workspace/open/src/hotspot/share/prims/jni.cpp, line 615]
Event: 5528.745 Thread 0x000001f0df08c000 Exception <a 'sun/nio/fs/WindowsException'{0x00000000c936a980}> (0x00000000c936a980) thrown at [t:/workspace/open/src/hotspot/share/prims/jni.cpp, line 615]
Event: 5528.746 Thread 0x000001f0df08c000 Exception <a 'sun/nio/fs/WindowsException'{0x00000000c936c818}> (0x00000000c936c818) thrown at [t:/workspace/open/src/hotspot/share/prims/jni.cpp, line 615]

Events (10 events):
Event: 5525.778 Thread 0x000001f0d9e59800 DEOPT UNPACKING pc=0x000001f0c2438f2f sp=0x0000004ade5fe8d0 mode 2
Event: 5528.747 Thread 0x000001f0df08c000 Uncommon trap: trap_request=0xffffffbe fr.pc=0x000001f0cb47107c relative=0x000000000000299c
Event: 5528.747 Thread 0x000001f0df08c000 DEOPT PACKING pc=0x000001f0cb47107c sp=0x0000004ae07fd920
Event: 5528.748 Thread 0x000001f0df08c000 DEOPT UNPACKING pc=0x000001f0c2438f2f sp=0x0000004ae07fd948 mode 2
Event: 5528.748 Thread 0x000001f0df08c000 Uncommon trap: trap_request=0xffffffbe fr.pc=0x000001f0cb47107c relative=0x000000000000299c
Event: 5528.748 Thread 0x000001f0df08c000 DEOPT PACKING pc=0x000001f0cb47107c sp=0x0000004ae07fd920
Event: 5528.748 Thread 0x000001f0df08c000 DEOPT UNPACKING pc=0x000001f0c2438f2f sp=0x0000004ae07fd948 mode 2
Event: 5528.748 Thread 0x000001f0df08c000 Uncommon trap: trap_request=0xffffffbe fr.pc=0x000001f0cb47107c relative=0x000000000000299c
Event: 5528.748 Thread 0x000001f0df08c000 DEOPT PACKING pc=0x000001f0cb47107c sp=0x0000004ae07fd920
Event: 5528.748 Thread 0x000001f0df08c000 DEOPT UNPACKING pc=0x000001f0c2438f2f sp=0x0000004ae07fd948 mode 2


Dynamic libraries:
0x00007ff777410000 - 0x00007ff777457000 	C:\Java\jdk-11.0.2\bin\java.exe
0x00007ffdca9f0000 - 0x00007ffdcabe8000 	C:\WINDOWS\SYSTEM32\ntdll.dll
0x00007ffd98320000 - 0x00007ffd98339000 	C:\Program Files\AVAST Software\Avast\aswhook.dll
0x00007ffdca320000 - 0x00007ffdca3df000 	C:\WINDOWS\System32\KERNEL32.DLL
0x00007ffdc8500000 - 0x00007ffdc87d2000 	C:\WINDOWS\System32\KERNELBASE.dll
0x00007ffdca900000 - 0x00007ffdca9ae000 	C:\WINDOWS\System32\ADVAPI32.dll
0x00007ffdc9b30000 - 0x00007ffdc9bce000 	C:\WINDOWS\System32\msvcrt.dll
0x00007ffdc8b30000 - 0x00007ffdc8bcc000 	C:\WINDOWS\System32\sechost.dll
0x00007ffdc9360000 - 0x00007ffdc9484000 	C:\WINDOWS\System32\RPCRT4.dll
0x00007ffdc8e10000 - 0x00007ffdc8fb1000 	C:\WINDOWS\System32\USER32.dll
0x00007ffdc87e0000 - 0x00007ffdc8802000 	C:\WINDOWS\System32\win32u.dll
0x00007ffdc8a40000 - 0x00007ffdc8a6b000 	C:\WINDOWS\System32\GDI32.dll
0x00007ffdc83f0000 - 0x00007ffdc84ff000 	C:\WINDOWS\System32\gdi32full.dll
0x00007ffdc88a0000 - 0x00007ffdc893d000 	C:\WINDOWS\System32\msvcp_win.dll
0x00007ffdc8940000 - 0x00007ffdc8a40000 	C:\WINDOWS\System32\ucrtbase.dll
0x00007ffdb9180000 - 0x00007ffdb941a000 	C:\WINDOWS\WinSxS\amd64_microsoft.windows.common-controls_6595b64144ccf1df_6.0.19041.1110_none_60b5254171f9507e\COMCTL32.dll
0x00007ffdc1910000 - 0x00007ffdc191a000 	C:\WINDOWS\SYSTEM32\VERSION.dll
0x00007ffdc8b00000 - 0x00007ffdc8b30000 	C:\WINDOWS\System32\IMM32.DLL
0x00007ffd93250000 - 0x00007ffd93266000 	C:\Java\jdk-11.0.2\bin\vcruntime140.dll
0x00007ffd8c9c0000 - 0x00007ffd8ca6a000 	C:\Java\jdk-11.0.2\bin\msvcp140.dll
0x00007ffd3e390000 - 0x00007ffd3eeb7000 	C:\Java\jdk-11.0.2\bin\server\jvm.dll
0x00007ffdc9330000 - 0x00007ffdc9338000 	C:\WINDOWS\System32\PSAPI.DLL
0x00007ffdba870000 - 0x00007ffdba897000 	C:\WINDOWS\SYSTEM32\WINMM.dll
0x00007ffdb01e0000 - 0x00007ffdb01e9000 	C:\WINDOWS\SYSTEM32\WSOCK32.dll
0x00007ffdc9500000 - 0x00007ffdc956b000 	C:\WINDOWS\System32\WS2_32.dll
0x00007ffdc6940000 - 0x00007ffdc6952000 	C:\WINDOWS\SYSTEM32\kernel.appcore.dll
0x00007ffd93230000 - 0x00007ffd93241000 	C:\Java\jdk-11.0.2\bin\verify.dll
0x00007ffdc0170000 - 0x00007ffdc0354000 	C:\WINDOWS\SYSTEM32\DBGHELP.DLL
0x00007ffdc0040000 - 0x00007ffdc0075000 	C:\WINDOWS\SYSTEM32\dbgcore.DLL
0x00007ffdc8810000 - 0x00007ffdc8892000 	C:\WINDOWS\System32\bcryptPrimitives.dll
0x00007ffd8b1f0000 - 0x00007ffd8b219000 	C:\Java\jdk-11.0.2\bin\java.dll
0x00007ffd93210000 - 0x00007ffd93226000 	C:\Java\jdk-11.0.2\bin\zip.dll
0x00007ffdaaae0000 - 0x00007ffdaaaea000 	C:\Java\jdk-11.0.2\bin\jimage.dll
0x00007ffdc9bd0000 - 0x00007ffdca315000 	C:\WINDOWS\System32\SHELL32.dll
0x00007ffdc6190000 - 0x00007ffdc6922000 	C:\WINDOWS\SYSTEM32\windows.storage.dll
0x00007ffdc9570000 - 0x00007ffdc98c5000 	C:\WINDOWS\System32\combase.dll
0x00007ffdc7b50000 - 0x00007ffdc7b80000 	C:\WINDOWS\SYSTEM32\Wldp.dll
0x00007ffdca3e0000 - 0x00007ffdca48d000 	C:\WINDOWS\System32\SHCORE.dll
0x00007ffdc99b0000 - 0x00007ffdc9a05000 	C:\WINDOWS\System32\shlwapi.dll
0x00007ffdc8030000 - 0x00007ffdc804f000 	C:\WINDOWS\SYSTEM32\profapi.dll
0x00007ffd93270000 - 0x00007ffd93289000 	C:\Java\jdk-11.0.2\bin\net.dll
0x00007ffdc0af0000 - 0x00007ffdc0bfa000 	C:\WINDOWS\SYSTEM32\WINHTTP.dll
0x00007ffdb9c30000 - 0x00007ffdb9e1c000 	C:\WINDOWS\SYSTEM32\urlmon.dll
0x00007ffdb9940000 - 0x00007ffdb9bf1000 	C:\WINDOWS\SYSTEM32\iertutil.dll
0x00007ffdb9c00000 - 0x00007ffdb9c28000 	C:\WINDOWS\SYSTEM32\srvcli.dll
0x00007ffdc7590000 - 0x00007ffdc759c000 	C:\WINDOWS\SYSTEM32\netutils.dll
0x00007ffdc78b0000 - 0x00007ffdc791a000 	C:\WINDOWS\system32\mswsock.dll
0x00007ffd8c8c0000 - 0x00007ffd8c8d3000 	C:\Java\jdk-11.0.2\bin\nio.dll
0x00007ffdc7aa0000 - 0x00007ffdc7ab8000 	C:\WINDOWS\SYSTEM32\CRYPTSP.dll
0x00007ffdc7160000 - 0x00007ffdc7194000 	C:\WINDOWS\system32\rsaenh.dll
0x00007ffdc8140000 - 0x00007ffdc8167000 	C:\WINDOWS\System32\bcrypt.dll
0x00007ffdc7ff0000 - 0x00007ffdc801e000 	C:\WINDOWS\SYSTEM32\USERENV.dll
0x00007ffdc7ac0000 - 0x00007ffdc7acc000 	C:\WINDOWS\SYSTEM32\CRYPTBASE.dll
0x00007ffdc7550000 - 0x00007ffdc758b000 	C:\WINDOWS\SYSTEM32\IPHLPAPI.DLL
0x00007ffdc94f0000 - 0x00007ffdc94f8000 	C:\WINDOWS\System32\NSI.dll
0x00007ffdc1a60000 - 0x00007ffdc1a77000 	C:\WINDOWS\SYSTEM32\dhcpcsvc6.DLL
0x00007ffdc1a40000 - 0x00007ffdc1a5d000 	C:\WINDOWS\SYSTEM32\dhcpcsvc.DLL
0x00007ffdc75a0000 - 0x00007ffdc766b000 	C:\WINDOWS\SYSTEM32\DNSAPI.dll
0x00007ffd8b3c0000 - 0x00007ffd8b3e6000 	C:\Users\Aaron\AppData\Local\Temp\csjniutils-0.3.32128069923813281182.dll
0x00007ffdc8bd0000 - 0x00007ffdc8cfa000 	C:\WINDOWS\System32\ole32.dll
0x00007ffd8b390000 - 0x00007ffd8b3b6000 	C:\Users\Aaron\AppData\Local\Temp\csjniutils-0.3.317125860923020909426.dll
0x00007ffd9c640000 - 0x00007ffd9c64d000 	C:\Java\jdk-11.0.2\bin\sunmscapi.dll
0x00007ffdc81e0000 - 0x00007ffdc8336000 	C:\WINDOWS\System32\CRYPT32.dll
0x00007ffdc7bc0000 - 0x00007ffdc7be7000 	C:\WINDOWS\SYSTEM32\ncrypt.dll
0x00007ffdc7b80000 - 0x00007ffdc7bbb000 	C:\WINDOWS\SYSTEM32\NTASN1.dll
0x00007ffd8b360000 - 0x00007ffd8b387000 	C:\Java\jdk-11.0.2\bin\sunec.dll
0x00007ffdc1aa0000 - 0x00007ffdc1aaa000 	C:\Windows\System32\rasadhlp.dll
0x00007ffdba040000 - 0x00007ffdba0c0000 	C:\WINDOWS\System32\fwpuclnt.dll
0x000000006fd00000 - 0x000000006fd07000 	C:\Users\Aaron\AppData\Local\Temp\swoval-jni\18105433164179294099-swoval-files0.dll
0x00007ffdc7280000 - 0x00007ffdc72b3000 	C:\WINDOWS\SYSTEM32\ntmarta.dll

dbghelp: loaded successfully - version: 4.0.5 - missing functions: none
symbol engine: initialized successfully - sym options: 0x614 - pdb path: .;C:\Java\jdk-11.0.2\bin;C:\WINDOWS\SYSTEM32;C:\Program Files\AVAST Software\Avast;C:\WINDOWS\WinSxS\amd64_microsoft.windows.common-controls_6595b64144ccf1df_6.0.19041.1110_none_60b5254171f9507e;C:\Java\jdk-11.0.2\bin\server;C:\Users\Aaron\AppData\Local\Temp;C:\Users\Aaron\AppData\Local\Temp\swoval-jni

VM Arguments:
jvm_args: -Xss4m -Xms100m -Dmetals.client=vscode -Xmx1G 
java_command: scala.meta.metals.Main
java_class_path (initial): C:\Users\Aaron\AppData\Local\Coursier\cache\v1\https\repo1.maven.org\maven2\org\scalameta\metals_2.13\0.11.12\metals_2.13-0.11.12.jar;C:\Users\Aaron\AppData\Local\Coursier\cache\v1\https\repo1.maven.org\maven2\org\scala-lang\scala-library\2.13.10\scala-library-2.13.10.jar;C:\Users\Aaron\AppData\Local\Coursier\cache\v1\https\repo1.maven.org\maven2\org\scalameta\mtags_2.13.10\0.11.12\mtags_2.13.10-0.11.12.jar;C:\Users\Aaron\AppData\Local\Coursier\cache\v1\https\repo1.maven.org\maven2\com\google\guava\guava\31.1-jre\guava-31.1-jre.jar;C:\Users\Aaron\AppData\Local\Coursier\cache\v1\https\repo1.maven.org\maven2\com\geirsson\metaconfig-core_2.13\0.11.1\metaconfig-core_2.13-0.11.1.jar;C:\Users\Aaron\AppData\Local\Coursier\cache\v1\https\repo1.maven.org\maven2\org\openjdk\jol\jol-core\0.17\jol-core-0.17.jar;C:\Users\Aaron\AppData\Local\Coursier\cache\v1\https\repo1.maven.org\maven2\com\swoval\file-tree-views\2.1.9\file-tree-views-2.1.9.jar;C:\Users\Aaron\AppData\Local\Coursier\cache\v1\https\repo1.maven.org\maven2\io\undertow\undertow-core\2.2.20.Final\undertow-core-2.2.20.Final.jar;C:\Users\Aaron\AppData\Local\Coursier\cache\v1\https\repo1.maven.org\maven2\org\jboss\xnio\xnio-nio\3.8.9.Final\xnio-nio-3.8.9.Final.jar;C:\Users\Aaron\AppData\Local\Coursier\cache\v1\https\repo1.maven.org\maven2\org\flywaydb\flyway-core\9.16.3\flyway-core-9.16.3.jar;C:\Users\Aaron\AppData\Local\Coursier\cache\v1\https\repo1.maven.org\maven2\com\h2database\h2\2.1.214\h2-2.1.214.jar;C:\Users\Aaron\AppData\Local\Coursier\cache\v1\https\repo1.maven.org\maven2\org\scala-sbt\ipcsocket\ipcsocket\1.6.2\ipcsocket-1.6.2.jar;C:\Users\Aaron\AppData\Local\Coursier\cache\v1\https\repo1.maven.org\maven2\ch\epfl\scala\bsp4j\2.1.0-M4\bsp4j-2.1.0-M4.jar;C:\Users\Aaron\AppData\Local\Coursier\cache\v1\https\repo1.maven.org\maven2\ch\epfl\scala\bloop-launcher_2.13\1.5.6\bloop-launcher_2.13-1.5.6.jar;C:\Users\Aaron\AppData\Local\Coursier\cache\v1\https\repo1.maven.org\maven2\org\eclipse\
Launcher Type: SUN_STANDARD

[Global flags]
     intx CICompilerCount                          = 4                                         {product} {ergonomic}
     uint ConcGCThreads                            = 2                                         {product} {ergonomic}
     uint G1ConcRefinementThreads                  = 8                                         {product} {ergonomic}
   size_t G1HeapRegionSize                         = 1048576                                   {product} {ergonomic}
    uintx GCDrainStackTargetSize                   = 64                                        {product} {ergonomic}
   size_t InitialHeapSize                          = 104857600                                 {product} {command line}
   size_t MarkStackSize                            = 4194304                                   {product} {ergonomic}
   size_t MaxHeapSize                              = 1073741824                                {product} {command line}
   size_t MaxNewSize                               = 643825664                                 {product} {ergonomic}
   size_t MinHeapDeltaBytes                        = 1048576                                   {product} {ergonomic}
    uintx NonNMethodCodeHeapSize                   = 5835340                                {pd product} {ergonomic}
    uintx NonProfiledCodeHeapSize                  = 122911450                              {pd product} {ergonomic}
    uintx ProfiledCodeHeapSize                     = 122911450                              {pd product} {ergonomic}
    uintx ReservedCodeCacheSize                    = 251658240                              {pd product} {ergonomic}
     bool SegmentedCodeCache                       = true                                      {product} {ergonomic}
     intx ThreadStackSize                          = 4096                                   {pd product} {command line}
     bool UseCompressedClassPointers               = true                                 {lp64_product} {ergonomic}
     bool UseCompressedOops                        = true                                 {lp64_product} {ergonomic}
     bool UseG1GC                                  = true                                      {product} {ergonomic}
     bool UseLargePagesIndividualAllocation        = false                                  {pd product} {ergonomic}

Logging:
Log output configuration:
 #0: stdout all=warning uptime,level,tags
 #1: stderr all=off uptime,level,tags

Environment Variables:
JAVA_HOME=C:\Java\jdk-11.0.2
PATH=E:\program files\IBM\ILOG\CPLEX_Studio2211\opl\bin\x64_win64;E:\program files\IBM\ILOG\CPLEX_Studio2211\opl\oplide\;E:\program files\IBM\ILOG\CPLEX_Studio2211\cplex\bin\x64_win64;E:\program files\IBM\ILOG\CPLEX_Studio2211\cpoptimizer\bin\x64_win64;C:\Progra~Common\Oracle\Java\javapath;E:\program files\Cygwin\bin;C:\Program Files\NVIDIA Corporation\NVIDIA NvDLISR;E:\program files\Git\cmd;C:\WINDOWS\system32;C:\WINDOWS;C:\WINDOWS\System32\Wbem;C:\WINDOWS\System32\WindowsPowerShell\v1.0\;C:\WINDOWS\System32\OpenSSH\;C:\Program Files (x86)\NVIDIA Corporation\PhysX\Common;E:\program files\node\;C:\ProgramData\chocolatey\bin;E:\program files\scala-cli-x86_64-pc-win32\;E:\program files\Microsoft VS Code\bin;C:\Program Files (x86)\Python\Python38-32\Scripts\;C:\Program Files (x86)\Python\Python38-32\;C:\Program Files\Python39\Scripts\;C:\Program Files\Python39\;C:\Users\Aaron\AppData\Local\Programs\Python\Launcher\;C:\Program Files\Intel\WiFi\bin\;C:\Program Files\Common Files\Intel\WirelessCommon\;C:\Users\Aaron\AppData\Local\Microsoft\WindowsApps;%Microsoft VS Code%;E:\program files\Cygwin\bin;C:\Users\Aaron\AppData\Local\GitHubDesktop\bin;C:\platform-tools;E:\program files\PyCharm 2020.3.3\bin;;E:\program files\IntelliJ IDEA 2021.2.2\bin;;C:\Users\Aaron\AppData\Roaming\npm;C:\Program Files\heroku\bin;E:\program files\Microsoft VS Code\bin;
USERNAME=Aaron
OS=Windows_NT
PROCESSOR_IDENTIFIER=Intel64 Family 6 Model 60 Stepping 3, GenuineIntel



---------------  S Y S T E M  ---------------

OS: Windows 10 , 64 bit Build 19041 (10.0.19041.2546)

CPU:total 8 (initial active 8) (4 cores per cpu, 2 threads per core) family 6 model 60 stepping 3, cmov, cx8, fxsr, mmx, sse, sse2, sse3, ssse3, sse4.1, sse4.2, popcnt, avx, avx2, aes, clmul, erms, lzcnt, ht, tsc, tscinvbit, bmi1, bmi2, fma

Memory: 4k page, system-wide physical 16302M (7113M free)
TotalPageFile size 18734M (AvailPageFile size 7688M)
current process WorkingSet (physical memory assigned to process): 613M, peak: 631M
current process commit charge ("private bytes"): 691M, peak: 693M

vm_info: Java HotSpot(TM) 64-Bit Server VM (11.0.2+9-LTS) for windows-amd64 JRE (11.0.2+9-LTS), built on Jan 18 2019 05:24:10 by "mach5one" with MS VC++ 15.5 (VS2017)

END.
